This is TeX, Version 3.14159 (Web2C 7.3.3.1) (format=tex 2001.9.21)  4 DEC 2001 18:25
**opatgen
(./opatgen.tex (/usr/TeX/texmf/tex/cweb/cwebmac.tex
\PPbox=\box16
\MMbox=\box17
\MGbox=\box18
\MODbox=\box19
\bak=\box20
\bakk=\box21
\ind=\count26
\gdepth=\count27
\secpagedepth=\count28
\gtitle=\toks12
\intersecskip=\skip18
\toksA=\toks13
\toksB=\toks14
\toksC=\toks15
\toksD=\toks16
\countA=\count29
\countB=\count30
\pagewidth=\dimen16
\pageheight=\dimen17
\fullpageheight=\dimen18
\pageshift=\dimen19
\cont=\write0
\sbox=\box22
\lbox=\box23
\twodigits=\count31
) *1 [1
\openout0 = `opatgen.toc'.

] *4 [2] [3] [4] *11
[5] [6] [7] [8] [9] [10] [11] [12] [13] [14] [15] *28 [16] [17] [18] [19]
[20] [21] *41 [22] [23] [24] [25] *50 [26] [27] *54 [28] [29] *59 [30] [31]
[32] Index: (./opatgen.idx [33] [34]) [35] Section names: (./opatgen.scn)
[36] Table of contents: (./opatgen.toc) [0] )
Output written on opatgen.dvi (37 pages, 129784 bytes).
