This is TeX, Version 3.14159 (Web2C 7.3.3.1) (format=tex 2001.9.21)  4 DEC 2001 09:11
**patlib
(./patlib.tex (/usr/TeX/texmf/tex/cweb/cwebmac.tex
\PPbox=\box16
\MMbox=\box17
\MGbox=\box18
\MODbox=\box19
\bak=\box20
\bakk=\box21
\ind=\count26
\gdepth=\count27
\secpagedepth=\count28
\gtitle=\toks12
\intersecskip=\skip18
\toksA=\toks13
\toksB=\toks14
\toksC=\toks15
\toksD=\toks16
\countA=\count29
\countB=\count30
\pagewidth=\dimen16
\pageheight=\dimen17
\fullpageheight=\dimen18
\pageshift=\dimen19
\cont=\write0
\sbox=\box22
\lbox=\box23
\twodigits=\count31
) *1 [1
\openout0 = `patlib.toc'.

] *4 [2] *5 [3] *10
[4] [5] *15 [6] *16 [7] [8] [9] [10] [11] [12] [13] [14] [15] [16] [17]
[18] [19] [20] *37 [21] [22] *41 [23] *42 [24] [25] *44 [26] [27] [28] [29]
[30] [31] *57 [32] [33] [34] *61 [35] [36] [37] *67 [38] *72 [39] [40] [41]
[42] *78 [43] [44] *80 [45] [46] [47] [48] [49] [50] [51] [52] *91 [53]
[54] [55] *95 [56] [57] [58] Index: (./patlib.idx [59] [60] [61]) [62]
Section names: (./patlib.scn [63]) [64] Table of contents: (./patlib.toc)
[0] )
Output written on patlib.dvi (65 pages, 240668 bytes).
